# JRE version: OpenJDK Runtime Environment (8.0_121-b13) (build 1.8.0_121-8u121-b13-0ubuntu1.16.04.2-b13)
# Java VM: OpenJDK 64-Bit Server VM (25.121-b13 mixed mode linux-amd64 compressed oops)
Heap:
 PSYoungGen      total 407552K, used 143K [0x00000000d7380000, 0x00000000f0280000, 0x0000000100000000)
  eden space 406528K, 0% used [0x00000000d7380000,0x00000000d7380000,0x00000000f0080000)
  from space 1024K, 14% used [0x00000000f0080000,0x00000000f00a3da8,0x00000000f0180000)
  to   space 1024K, 0% used [0x00000000f0180000,0x00000000f0180000,0x00000000f0280000)
 ParOldGen       total 84992K, used 460K [0x0000000085a00000, 0x000000008ad00000, 0x00000000d7380000)
  object space 84992K, 0% used [0x0000000085a00000,0x0000000085a730e0,0x000000008ad00000)
 Metaspace       used 3124K, capacity 4664K, committed 4864K, reserved 1056768K
  class space    used 338K, capacity 424K, committed 512K, reserved 1048576K
GC Heap History (10 events):
Event: 5.259 GC heap after
Heap after GC invocations=6 (full 0):
 PSYoungGen      total 128000K, used 560K [0x00000000d7380000, 0x00000000df180000, 0x0000000100000000)
  eden space 126976K, 0% used [0x00000000d7380000,0x00000000d7380000,0x00000000def80000)
  from space 1024K, 54% used [0x00000000df080000,0x00000000df10c010,0x00000000df180000)
  to   space 1024K, 0% used [0x00000000def80000,0x00000000def80000,0x00000000df080000)
 ParOldGen       total 84992K, used 16K [0x0000000085a00000, 0x000000008ad00000, 0x00000000d7380000)
  object space 84992K, 0% used [0x0000000085a00000,0x0000000085a04000,0x000000008ad00000)
 Metaspace       used 3124K, capacity 4664K, committed 4864K, reserved 1056768K
  class space    used 338K, capacity 424K, committed 512K, reserved 1048576K
}
Event: 5.387 GC heap before
{Heap before GC invocations=7 (full 0):
 PSYoungGen      total 128000K, used 127536K [0x00000000d7380000, 0x00000000df180000, 0x0000000100000000)
  eden space 126976K, 100% used [0x00000000d7380000,0x00000000def80000,0x00000000def80000)
  from space 1024K, 54% used [0x00000000df080000,0x00000000df10c010,0x00000000df180000)
  to   space 1024K, 0% used [0x00000000def80000,0x00000000def80000,0x00000000df080000)
 ParOldGen       total 84992K, used 16K [0x0000000085a00000, 0x000000008ad00000, 0x00000000d7380000)
  object space 84992K, 0% used [0x0000000085a00000,0x0000000085a04000,0x000000008ad00000)
 Metaspace       used 3124K, capacity 4664K, committed 4864K, reserved 1056768K
  class space    used 338K, capacity 424K, committed 512K, reserved 1048576K
Event: 5.388 GC heap after
Heap after GC invocations=7 (full 0):
 PSYoungGen      total 128000K, used 83K [0x00000000d7380000, 0x00000000e6d80000, 0x0000000100000000)
  eden space 126976K, 0% used [0x00000000d7380000,0x00000000d7380000,0x00000000def80000)
  from space 1024K, 8% used [0x00000000def80000,0x00000000def94cb0,0x00000000df080000)
  to   space 1024K, 0% used [0x00000000e6c80000,0x00000000e6c80000,0x00000000e6d80000)
 ParOldGen       total 84992K, used 444K [0x0000000085a00000, 0x000000008ad00000, 0x00000000d7380000)
  object space 84992K, 0% used [0x0000000085a00000,0x0000000085a6f0e0,0x000000008ad00000)
 Metaspace       used 3124K, capacity 4664K, committed 4864K, reserved 1056768K
  class space    used 338K, capacity 424K, committed 512K, reserved 1048576K
}
Event: 5.402 GC heap before
{Heap before GC invocations=8 (full 0):
 PSYoungGen      total 128000K, used 127059K [0x00000000d7380000, 0x00000000e6d80000, 0x0000000100000000)
  eden space 126976K, 100% used [0x00000000d7380000,0x00000000def80000,0x00000000def80000)
  from space 1024K, 8% used [0x00000000def80000,0x00000000def94cb0,0x00000000df080000)
  to   space 1024K, 0% used [0x00000000e6c80000,0x00000000e6c80000,0x00000000e6d80000)
 ParOldGen       total 84992K, used 444K [0x0000000085a00000, 0x000000008ad00000, 0x00000000d7380000)
  object space 84992K, 0% used [0x0000000085a00000,0x0000000085a6f0e0,0x000000008ad00000)
 Metaspace       used 3124K, capacity 4664K, committed 4864K, reserved 1056768K
  class space    used 338K, capacity 424K, committed 512K, reserved 1048576K
Event: 5.403 GC heap after
Heap after GC invocations=8 (full 0):
 PSYoungGen      total 254976K, used 76K [0x00000000d7380000, 0x00000000e6d80000, 0x0000000100000000)
  eden space 253952K, 0% used [0x00000000d7380000,0x00000000d7380000,0x00000000e6b80000)
  from space 1024K, 7% used [0x00000000e6c80000,0x00000000e6c93130,0x00000000e6d80000)
  to   space 1024K, 0% used [0x00000000e6b80000,0x00000000e6b80000,0x00000000e6c80000)
 ParOldGen       total 84992K, used 460K [0x0000000085a00000, 0x000000008ad00000, 0x00000000d7380000)
  object space 84992K, 0% used [0x0000000085a00000,0x0000000085a730e0,0x000000008ad00000)
 Metaspace       used 3124K, capacity 4664K, committed 4864K, reserved 1056768K
  class space    used 338K, capacity 424K, committed 512K, reserved 1048576K
}
Event: 5.594 GC heap before
{Heap before GC invocations=9 (full 0):
 PSYoungGen      total 254976K, used 254028K [0x00000000d7380000, 0x00000000e6d80000, 0x0000000100000000)
  eden space 253952K, 100% used [0x00000000d7380000,0x00000000e6b80000,0x00000000e6b80000)
  from space 1024K, 7% used [0x00000000e6c80000,0x00000000e6c93130,0x00000000e6d80000)
  to   space 1024K, 0% used [0x00000000e6b80000,0x00000000e6b80000,0x00000000e6c80000)
 ParOldGen       total 84992K, used 460K [0x0000000085a00000, 0x000000008ad00000, 0x00000000d7380000)
  object space 84992K, 0% used [0x0000000085a00000,0x0000000085a730e0,0x000000008ad00000)
 Metaspace       used 3124K, capacity 4664K, committed 4864K, reserved 1056768K
  class space    used 338K, capacity 424K, committed 512K, reserved 1048576K
Event: 5.595 GC heap after
Heap after GC invocations=9 (full 0):
 PSYoungGen      total 254976K, used 32K [0x00000000d7380000, 0x00000000f0280000, 0x0000000100000000)
  eden space 253952K, 0% used [0x00000000d7380000,0x00000000d7380000,0x00000000e6b80000)
  from space 1024K, 3% used [0x00000000e6b80000,0x00000000e6b88000,0x00000000e6c80000)
  to   space 1024K, 0% used [0x00000000f0180000,0x00000000f0180000,0x00000000f0280000)
 ParOldGen       total 84992K, used 460K [0x0000000085a00000, 0x000000008ad00000, 0x00000000d7380000)
  object space 84992K, 0% used [0x0000000085a00000,0x0000000085a730e0,0x000000008ad00000)
 Metaspace       used 3124K, capacity 4664K, committed 4864K, reserved 1056768K
  class space    used 338K, capacity 424K, committed 512K, reserved 1048576K
}
Event: 5.628 GC heap before
{Heap before GC invocations=10 (full 0):
 PSYoungGen      total 254976K, used 253984K [0x00000000d7380000, 0x00000000f0280000, 0x0000000100000000)
  eden space 253952K, 100% used [0x00000000d7380000,0x00000000e6b80000,0x00000000e6b80000)
  from space 1024K, 3% used [0x00000000e6b80000,0x00000000e6b88000,0x00000000e6c80000)
  to   space 1024K, 0% used [0x00000000f0180000,0x00000000f0180000,0x00000000f0280000)
 ParOldGen       total 84992K, used 460K [0x0000000085a00000, 0x000000008ad00000, 0x00000000d7380000)
  object space 84992K, 0% used [0x0000000085a00000,0x0000000085a730e0,0x000000008ad00000)
 Metaspace       used 3124K, capacity 4664K, committed 4864K, reserved 1056768K
  class space    used 338K, capacity 424K, committed 512K, reserved 1048576K
Event: 5.629 GC heap after
Heap after GC invocations=10 (full 0):
 PSYoungGen      total 407552K, used 32K [0x00000000d7380000, 0x00000000f0280000, 0x0000000100000000)
  eden space 406528K, 0% used [0x00000000d7380000,0x00000000d7380000,0x00000000f0080000)
  from space 1024K, 3% used [0x00000000f0180000,0x00000000f0188000,0x00000000f0280000)
  to   space 1024K, 0% used [0x00000000f0080000,0x00000000f0080000,0x00000000f0180000)
 ParOldGen       total 84992K, used 460K [0x0000000085a00000, 0x000000008ad00000, 0x00000000d7380000)
  object space 84992K, 0% used [0x0000000085a00000,0x0000000085a730e0,0x000000008ad00000)
 Metaspace       used 3124K, capacity 4664K, committed 4864K, reserved 1056768K
  class space    used 338K, capacity 424K, committed 512K, reserved 1048576K
}
Event: 6.327 GC heap before
{Heap before GC invocations=11 (full 0):
 PSYoungGen      total 407552K, used 406560K [0x00000000d7380000, 0x00000000f0280000, 0x0000000100000000)
  eden space 406528K, 100% used [0x00000000d7380000,0x00000000f0080000,0x00000000f0080000)
  from space 1024K, 3% used [0x00000000f0180000,0x00000000f0188000,0x00000000f0280000)
  to   space 1024K, 0% used [0x00000000f0080000,0x00000000f0080000,0x00000000f0180000)
 ParOldGen       total 84992K, used 460K [0x0000000085a00000, 0x000000008ad00000, 0x00000000d7380000)
  object space 84992K, 0% used [0x0000000085a00000,0x0000000085a730e0,0x000000008ad00000)
 Metaspace       used 3124K, capacity 4664K, committed 4864K, reserved 1056768K
  class space    used 338K, capacity 424K, committed 512K, reserved 1048576K

