# JRE version: OpenJDK Runtime Environment (8.0_121-b13) (build 1.8.0_121-8u121-b13-0ubuntu1.16.04.2-b13)
# Java VM: OpenJDK 64-Bit Server VM (25.121-b13 mixed mode linux-amd64 compressed oops)
Heap:
 PSYoungGen      total 407552K, used 106K [0x00000000d7380000, 0x00000000f0280000, 0x0000000100000000)
  eden space 406528K, 0% used [0x00000000d7380000,0x00000000d7380000,0x00000000f0080000)
  from space 1024K, 10% used [0x00000000f0080000,0x00000000f009a930,0x00000000f0180000)
  to   space 1024K, 0% used [0x00000000f0180000,0x00000000f0180000,0x00000000f0280000)
 ParOldGen       total 84992K, used 472K [0x0000000085a00000, 0x000000008ad00000, 0x00000000d7380000)
  object space 84992K, 0% used [0x0000000085a00000,0x0000000085a760d0,0x000000008ad00000)
 Metaspace       used 3124K, capacity 4664K, committed 4864K, reserved 1056768K
  class space    used 338K, capacity 424K, committed 512K, reserved 1048576K
GC Heap History (10 events):
Event: 4.641 GC heap after
Heap after GC invocations=6 (full 0):
 PSYoungGen      total 128000K, used 480K [0x00000000d7380000, 0x00000000df180000, 0x0000000100000000)
  eden space 126976K, 0% used [0x00000000d7380000,0x00000000d7380000,0x00000000def80000)
  from space 1024K, 46% used [0x00000000df080000,0x00000000df0f8000,0x00000000df180000)
  to   space 1024K, 0% used [0x00000000def80000,0x00000000def80000,0x00000000df080000)
 ParOldGen       total 84992K, used 24K [0x0000000085a00000, 0x000000008ad00000, 0x00000000d7380000)
  object space 84992K, 0% used [0x0000000085a00000,0x0000000085a06000,0x000000008ad00000)
 Metaspace       used 3124K, capacity 4664K, committed 4864K, reserved 1056768K
  class space    used 338K, capacity 424K, committed 512K, reserved 1048576K
}
Event: 4.658 GC heap before
{Heap before GC invocations=7 (full 0):
 PSYoungGen      total 128000K, used 127456K [0x00000000d7380000, 0x00000000df180000, 0x0000000100000000)
  eden space 126976K, 100% used [0x00000000d7380000,0x00000000def80000,0x00000000def80000)
  from space 1024K, 46% used [0x00000000df080000,0x00000000df0f8000,0x00000000df180000)
  to   space 1024K, 0% used [0x00000000def80000,0x00000000def80000,0x00000000df080000)
 ParOldGen       total 84992K, used 24K [0x0000000085a00000, 0x000000008ad00000, 0x00000000d7380000)
  object space 84992K, 0% used [0x0000000085a00000,0x0000000085a06000,0x000000008ad00000)
 Metaspace       used 3124K, capacity 4664K, committed 4864K, reserved 1056768K
  class space    used 338K, capacity 424K, committed 512K, reserved 1048576K
Event: 4.660 GC heap after
Heap after GC invocations=7 (full 0):
 PSYoungGen      total 128000K, used 102K [0x00000000d7380000, 0x00000000e6d80000, 0x0000000100000000)
  eden space 126976K, 0% used [0x00000000d7380000,0x00000000d7380000,0x00000000def80000)
  from space 1024K, 9% used [0x00000000def80000,0x00000000def99948,0x00000000df080000)
  to   space 1024K, 0% used [0x00000000e6c80000,0x00000000e6c80000,0x00000000e6d80000)
 ParOldGen       total 84992K, used 456K [0x0000000085a00000, 0x000000008ad00000, 0x00000000d7380000)
  object space 84992K, 0% used [0x0000000085a00000,0x0000000085a720d0,0x000000008ad00000)
 Metaspace       used 3124K, capacity 4664K, committed 4864K, reserved 1056768K
  class space    used 338K, capacity 424K, committed 512K, reserved 1048576K
}
Event: 4.672 GC heap before
{Heap before GC invocations=8 (full 0):
 PSYoungGen      total 128000K, used 127078K [0x00000000d7380000, 0x00000000e6d80000, 0x0000000100000000)
  eden space 126976K, 100% used [0x00000000d7380000,0x00000000def80000,0x00000000def80000)
  from space 1024K, 9% used [0x00000000def80000,0x00000000def99948,0x00000000df080000)
  to   space 1024K, 0% used [0x00000000e6c80000,0x00000000e6c80000,0x00000000e6d80000)
 ParOldGen       total 84992K, used 456K [0x0000000085a00000, 0x000000008ad00000, 0x00000000d7380000)
  object space 84992K, 0% used [0x0000000085a00000,0x0000000085a720d0,0x000000008ad00000)
 Metaspace       used 3124K, capacity 4664K, committed 4864K, reserved 1056768K
  class space    used 338K, capacity 424K, committed 512K, reserved 1048576K
Event: 4.674 GC heap after
Heap after GC invocations=8 (full 0):
 PSYoungGen      total 254976K, used 108K [0x00000000d7380000, 0x00000000e6d80000, 0x0000000100000000)
  eden space 253952K, 0% used [0x00000000d7380000,0x00000000d7380000,0x00000000e6b80000)
  from space 1024K, 10% used [0x00000000e6c80000,0x00000000e6c9b130,0x00000000e6d80000)
  to   space 1024K, 0% used [0x00000000e6b80000,0x00000000e6b80000,0x00000000e6c80000)
 ParOldGen       total 84992K, used 464K [0x0000000085a00000, 0x000000008ad00000, 0x00000000d7380000)
  object space 84992K, 0% used [0x0000000085a00000,0x0000000085a740d0,0x000000008ad00000)
 Metaspace       used 3124K, capacity 4664K, committed 4864K, reserved 1056768K
  class space    used 338K, capacity 424K, committed 512K, reserved 1048576K
}
Event: 4.791 GC heap before
{Heap before GC invocations=9 (full 0):
 PSYoungGen      total 254976K, used 254060K [0x00000000d7380000, 0x00000000e6d80000, 0x0000000100000000)
  eden space 253952K, 100% used [0x00000000d7380000,0x00000000e6b80000,0x00000000e6b80000)
  from space 1024K, 10% used [0x00000000e6c80000,0x00000000e6c9b130,0x00000000e6d80000)
  to   space 1024K, 0% used [0x00000000e6b80000,0x00000000e6b80000,0x00000000e6c80000)
 ParOldGen       total 84992K, used 464K [0x0000000085a00000, 0x000000008ad00000, 0x00000000d7380000)
  object space 84992K, 0% used [0x0000000085a00000,0x0000000085a740d0,0x000000008ad00000)
 Metaspace       used 3124K, capacity 4664K, committed 4864K, reserved 1056768K
  class space    used 338K, capacity 424K, committed 512K, reserved 1048576K
Event: 4.792 GC heap after
Heap after GC invocations=9 (full 0):
 PSYoungGen      total 254976K, used 59K [0x00000000d7380000, 0x00000000f0280000, 0x0000000100000000)
  eden space 253952K, 0% used [0x00000000d7380000,0x00000000d7380000,0x00000000e6b80000)
  from space 1024K, 5% used [0x00000000e6b80000,0x00000000e6b8eca0,0x00000000e6c80000)
  to   space 1024K, 0% used [0x00000000f0180000,0x00000000f0180000,0x00000000f0280000)
 ParOldGen       total 84992K, used 472K [0x0000000085a00000, 0x000000008ad00000, 0x00000000d7380000)
  object space 84992K, 0% used [0x0000000085a00000,0x0000000085a760d0,0x000000008ad00000)
 Metaspace       used 3124K, capacity 4664K, committed 4864K, reserved 1056768K
  class space    used 338K, capacity 424K, committed 512K, reserved 1048576K
}
Event: 4.818 GC heap before
{Heap before GC invocations=10 (full 0):
 PSYoungGen      total 254976K, used 254011K [0x00000000d7380000, 0x00000000f0280000, 0x0000000100000000)
  eden space 253952K, 100% used [0x00000000d7380000,0x00000000e6b80000,0x00000000e6b80000)
  from space 1024K, 5% used [0x00000000e6b80000,0x00000000e6b8eca0,0x00000000e6c80000)
  to   space 1024K, 0% used [0x00000000f0180000,0x00000000f0180000,0x00000000f0280000)
 ParOldGen       total 84992K, used 472K [0x0000000085a00000, 0x000000008ad00000, 0x00000000d7380000)
  object space 84992K, 0% used [0x0000000085a00000,0x0000000085a760d0,0x000000008ad00000)
 Metaspace       used 3124K, capacity 4664K, committed 4864K, reserved 1056768K
  class space    used 338K, capacity 424K, committed 512K, reserved 1048576K
Event: 4.825 GC heap after
Heap after GC invocations=10 (full 0):
 PSYoungGen      total 407552K, used 126K [0x00000000d7380000, 0x00000000f0280000, 0x0000000100000000)
  eden space 406528K, 0% used [0x00000000d7380000,0x00000000d7380000,0x00000000f0080000)
  from space 1024K, 12% used [0x00000000f0180000,0x00000000f019f868,0x00000000f0280000)
  to   space 1024K, 0% used [0x00000000f0080000,0x00000000f0080000,0x00000000f0180000)
 ParOldGen       total 84992K, used 472K [0x0000000085a00000, 0x000000008ad00000, 0x00000000d7380000)
  object space 84992K, 0% used [0x0000000085a00000,0x0000000085a760d0,0x000000008ad00000)
 Metaspace       used 3124K, capacity 4664K, committed 4864K, reserved 1056768K
  class space    used 338K, capacity 424K, committed 512K, reserved 1048576K
}
Event: 5.444 GC heap before
{Heap before GC invocations=11 (full 0):
 PSYoungGen      total 407552K, used 406654K [0x00000000d7380000, 0x00000000f0280000, 0x0000000100000000)
  eden space 406528K, 100% used [0x00000000d7380000,0x00000000f0080000,0x00000000f0080000)
  from space 1024K, 12% used [0x00000000f0180000,0x00000000f019f868,0x00000000f0280000)
  to   space 1024K, 0% used [0x00000000f0080000,0x00000000f0080000,0x00000000f0180000)
 ParOldGen       total 84992K, used 472K [0x0000000085a00000, 0x000000008ad00000, 0x00000000d7380000)
  object space 84992K, 0% used [0x0000000085a00000,0x0000000085a760d0,0x000000008ad00000)
 Metaspace       used 3124K, capacity 4664K, committed 4864K, reserved 1056768K
  class space    used 338K, capacity 424K, committed 512K, reserved 1048576K

